============================================================
  Generated by:           Genus(TM) Synthesis Solution 21.14-s082_1
  Generated on:           Jul 29 2025  09:32:24 am
  Module:                 PROCESSOR
  Operating conditions:   fast (balanced_tree)
  Wireload mode:          enclosed
  Area mode:              timing library
============================================================

Timing
--------

   Clock    Period 
-------------------
clk_100MHz 10000.0 


   Cost      Critical         Violating 
   Group    Path Slack  TNS     Paths   
----------------------------------------
clk_100MHz      9439.8   0.0          0 
default       No paths   0.0            
----------------------------------------
Total                    0.0          0 

Instance Count
--------------
Leaf Instance Count             31 
Physical Instance count          0 
Sequential Instance Count        6 
Combinational Instance Count    25 
Hierarchical Instance Count      0 

Area
----
Cell Area                          618.710
Physical Cell Area                 0.000
Total Cell Area (Cell+Physical)    618.710
Net Area                           0.000
Total Area (Cell+Physical+Net)     618.710

Max Fanout                         8 (IFU_module_PC[4])
Min Fanout                         0 (n_0)
Average Fanout                     2.0
Terms to net ratio                 3.1515
Terms to instance ratio            3.3548
Runtime                            75.386785 seconds
Elapsed Runtime                    4435 seconds
Genus peak memory usage            1797.73 
Innovus peak memory usage          no_value 
Hostname                           ic312.vit.ac.in
