###############################################################
#  Generated by:      Cadence Innovus 21.15-s110_1
#  OS:                Linux x86_64(Host ID ic312.vit.ac.in)
#  Generated on:      Fri Aug 29 12:26:09 2025
#  Design:            PROCESSOR
#  Command:           violationBrowserReport -all -no_display_false -report PROCESSOR.viols.rpt
###############################################################
*********** ENCOUNTER Violation Browser Report ********** 
Report File Name :  PROCESSOR.viols.rpt                                                                       Page : 1

***************** Report Summary *****************
Num Violation Total                        24
   Verify                             18
      Geometry                  18
         Metal_Short      5
         Parallel_Run_Length_Spacing  13
   Other                              6
      Connectivity              6
         Open             6
*************** End Report Summary ***************

Verify - Geometry - Metal_Short Violations ( 5 ) 

Special Wire of Net vdd & Pin of Cell FILLER_T_1_1
Type:	Metal Short
False : No      Layer : Metal1(1)     Bounds (2.64, 2.4) (48.18, 3.2)

Special Wire of Net vdd & Pin of Cell IFU_module_PC_reg[3]
Type:	Metal Short
False : No      Layer : Metal1(1)     Bounds (2.64, 22.56) (48.18, 23.36)

Special Wire of Net vdd & Pin of Cell control_module_alu_control_reg[0]
Type:	Metal Short
False : No      Layer : Metal1(1)     Bounds (2.64, 12.48) (48.18, 13.28)

Special Wire of Net vss & Pin of Cell IFU_module_PC_reg[2]
Type:	Metal Short
False : No      Layer : Metal1(1)     Bounds (2.64, 17.52) (48.18, 18.32)

Special Wire of Net vss & Pin of Cell IFU_module_PC_reg[4]
Type:	Metal Short
False : No      Layer : Metal1(1)     Bounds (2.64, 7.44) (48.18, 8.24)

Verify - Geometry - Parallel_Run_Length_Spacing Violations ( 13 ) 

Special Wire of Net vdd & Special Wire of Net vss
Actual:	0.200000	Required:	0.280000	Type:	ParallelRunLength Spacing
False : No      Layer : Metal5(5)     Bounds (1.44, 24.16) (49.38, 24.36)

Special Wire of Net vss & Special Wire of Net vdd
Actual:	0.200000	Required:	0.280000	Type:	ParallelRunLength Spacing
False : No      Layer : Metal5(5)     Bounds (1.44, 1.4) (49.38, 1.6)

Special Wire of Net vdd & Special Wire of Net vss
Actual:	0.200000	Required:	0.460000	Type:	ParallelRunLength Spacing
False : No      Layer : Metal6(6)     Bounds (14.34, 1.6) (14.54, 24.16)

Special Wire of Net vdd & Special Wire of Net vss
Actual:	0.200000	Required:	0.460000	Type:	ParallelRunLength Spacing
False : No      Layer : Metal6(6)     Bounds (19.34, 1.6) (19.54, 24.16)

Special Wire of Net vdd & Special Wire of Net vss
Actual:	0.200000	Required:	0.460000	Type:	ParallelRunLength Spacing
False : No      Layer : Metal6(6)     Bounds (24.34, 1.6) (24.54, 24.16)

*********** ENCOUNTER Violation Browser Report ********** 
Report File Name :  PROCESSOR.viols.rpt                                                                       Page : 2

Special Wire of Net vdd & Special Wire of Net vss
Actual:	0.200000	Required:	0.460000	Type:	ParallelRunLength Spacing
False : No      Layer : Metal6(6)     Bounds (29.34, 1.6) (29.54, 24.16)

Special Wire of Net vdd & Special Wire of Net vss
Actual:	0.200000	Required:	0.460000	Type:	ParallelRunLength Spacing
False : No      Layer : Metal6(6)     Bounds (34.34, 1.6) (34.54, 24.16)

Special Wire of Net vdd & Special Wire of Net vss
Actual:	0.200000	Required:	0.460000	Type:	ParallelRunLength Spacing
False : No      Layer : Metal6(6)     Bounds (39.34, 1.6) (39.54, 24.16)

Special Wire of Net vdd & Special Wire of Net vss
Actual:	0.200000	Required:	0.460000	Type:	ParallelRunLength Spacing
False : No      Layer : Metal6(6)     Bounds (4.34, 1.6) (4.54, 24.16)

Special Wire of Net vdd & Special Wire of Net vss
Actual:	0.200000	Required:	0.460000	Type:	ParallelRunLength Spacing
False : No      Layer : Metal6(6)     Bounds (44.34, 1.6) (44.54, 24.16)

Special Wire of Net vdd & Special Wire of Net vss
Actual:	0.200000	Required:	0.460000	Type:	ParallelRunLength Spacing
False : No      Layer : Metal6(6)     Bounds (49.38, 1.6) (49.58, 24.16)

Special Wire of Net vdd & Special Wire of Net vss
Actual:	0.200000	Required:	0.460000	Type:	ParallelRunLength Spacing
False : No      Layer : Metal6(6)     Bounds (9.34, 1.6) (9.54, 24.16)

Special Wire of Net vss & Special Wire of Net vdd
Actual:	0.200000	Required:	0.460000	Type:	ParallelRunLength Spacing
False : No      Layer : Metal6(6)     Bounds (1.24, 1.6) (1.44, 24.16)

Other - Connectivity - Open Violations ( 6 ) 


False : No      Layer : Metal1(1)     Bounds (0.74, 17.52) (1.14, 18.32)


False : No      Layer : Metal1(1)     Bounds (0.74, 7.44) (1.14, 8.24)


False : No      Layer : Metal1(1)     Bounds (1.84, 12.48) (2.24, 13.28)


False : No      Layer : Metal6(6)     Bounds (48.58, 12.48) (48.98, 13.28)


False : No      Layer : Metal6(6)     Bounds (49.68, 17.52) (50.08, 18.32)


False : No      Layer : Metal6(6)     Bounds (49.68, 7.44) (50.08, 8.24)

